# JRE version: OpenJDK Runtime Environment JBR-11.0.8.10-944.34-jcef (11.0.8+10) (build 11.0.8+10-b944.34)
# Java VM: OpenJDK 64-Bit Server VM JBR-11.0.8.10-944.34-jcef (11.0.8+10-b944.34, mixed mode, tiered, compressed oops, g1 gc, linux-amd64)
Heap:
 garbage-first heap   total 402432K, used 227345K [0x00000000d1200000, 0x0000000100000000)
  region size 1024K, 44 young (45056K), 1 survivors (1024K)
 Metaspace       used 264960K, capacity 273731K, committed 274376K, reserved 1290240K
  class space    used 30058K, capacity 33460K, committed 33612K, reserved 1048576K
GC Heap History (20 events):
Event: 7597.872 GC heap before
{Heap before GC invocations=663 (full 0):
 garbage-first heap   total 402432K, used 355729K [0x00000000d1200000, 0x0000000100000000)
  region size 1024K, 146 young (149504K), 2 survivors (2048K)
 Metaspace       used 265055K, capacity 273942K, committed 274120K, reserved 1290240K
  class space    used 30108K, capacity 33555K, committed 33612K, reserved 1048576K
}
Event: 7597.879 GC heap after
{Heap after GC invocations=664 (full 0):
 garbage-first heap   total 402432K, used 209366K [0x00000000d1200000, 0x0000000100000000)
  region size 1024K, 2 young (2048K), 2 survivors (2048K)
 Metaspace       used 265055K, capacity 273942K, committed 274120K, reserved 1290240K
  class space    used 30108K, capacity 33555K, committed 33612K, reserved 1048576K
}
Event: 7598.511 GC heap before
{Heap before GC invocations=664 (full 0):
 garbage-first heap   total 402432K, used 355798K [0x00000000d1200000, 0x0000000100000000)
  region size 1024K, 146 young (149504K), 2 survivors (2048K)
 Metaspace       used 265055K, capacity 273942K, committed 274120K, reserved 1290240K
  class space    used 30108K, capacity 33555K, committed 33612K, reserved 1048576K
}
Event: 7598.517 GC heap after
{Heap after GC invocations=665 (full 0):
 garbage-first heap   total 402432K, used 209366K [0x00000000d1200000, 0x0000000100000000)
  region size 1024K, 2 young (2048K), 2 survivors (2048K)
 Metaspace       used 265055K, capacity 273942K, committed 274120K, reserved 1290240K
  class space    used 30108K, capacity 33555K, committed 33612K, reserved 1048576K
}
Event: 7613.055 GC heap before
{Heap before GC invocations=665 (full 0):
 garbage-first heap   total 402432K, used 355798K [0x00000000d1200000, 0x0000000100000000)
  region size 1024K, 146 young (149504K), 2 survivors (2048K)
 Metaspace       used 265064K, capacity 273942K, committed 274120K, reserved 1290240K
  class space    used 30108K, capacity 33555K, committed 33612K, reserved 1048576K
}
Event: 7613.062 GC heap after
{Heap after GC invocations=666 (full 0):
 garbage-first heap   total 402432K, used 209391K [0x00000000d1200000, 0x0000000100000000)
  region size 1024K, 2 young (2048K), 2 survivors (2048K)
 Metaspace       used 265064K, capacity 273942K, committed 274120K, reserved 1290240K
  class space    used 30108K, capacity 33555K, committed 33612K, reserved 1048576K
}
Event: 7621.884 GC heap before
{Heap before GC invocations=666 (full 0):
 garbage-first heap   total 402432K, used 355823K [0x00000000d1200000, 0x0000000100000000)
  region size 1024K, 146 young (149504K), 2 survivors (2048K)
 Metaspace       used 265105K, capacity 273944K, committed 274120K, reserved 1290240K
  class space    used 30108K, capacity 33555K, committed 33612K, reserved 1048576K
}
Event: 7621.891 GC heap after
{Heap after GC invocations=667 (full 0):
 garbage-first heap   total 402432K, used 209516K [0x00000000d1200000, 0x0000000100000000)
  region size 1024K, 2 young (2048K), 2 survivors (2048K)
 Metaspace       used 265105K, capacity 273944K, committed 274120K, reserved 1290240K
  class space    used 30108K, capacity 33555K, committed 33612K, reserved 1048576K
}
Event: 7622.394 GC heap before
{Heap before GC invocations=667 (full 0):
 garbage-first heap   total 402432K, used 355948K [0x00000000d1200000, 0x0000000100000000)
  region size 1024K, 146 young (149504K), 2 survivors (2048K)
 Metaspace       used 265105K, capacity 273944K, committed 274120K, reserved 1290240K
  class space    used 30108K, capacity 33555K, committed 33612K, reserved 1048576K
}
Event: 7622.401 GC heap after
{Heap after GC invocations=668 (full 0):
 garbage-first heap   total 402432K, used 209554K [0x00000000d1200000, 0x0000000100000000)
  region size 1024K, 2 young (2048K), 2 survivors (2048K)
 Metaspace       used 265105K, capacity 273944K, committed 274120K, reserved 1290240K
  class space    used 30108K, capacity 33555K, committed 33612K, reserved 1048576K
}
Event: 7944.169 GC heap before
{Heap before GC invocations=668 (full 0):
 garbage-first heap   total 402432K, used 284306K [0x00000000d1200000, 0x0000000100000000)
  region size 1024K, 58 young (59392K), 2 survivors (2048K)
 Metaspace       used 265161K, capacity 273945K, committed 274120K, reserved 1290240K
  class space    used 30108K, capacity 33555K, committed 33612K, reserved 1048576K
}
Event: 7944.244 GC heap after
{Heap after GC invocations=669 (full 0):
 garbage-first heap   total 402432K, used 228994K [0x00000000d1200000, 0x0000000100000000)
  region size 1024K, 2 young (2048K), 2 survivors (2048K)
 Metaspace       used 265161K, capacity 273945K, committed 274120K, reserved 1290240K
  class space    used 30108K, capacity 33555K, committed 33612K, reserved 1048576K
}
Event: 7960.729 GC heap before
{Heap before GC invocations=670 (full 0):
 garbage-first heap   total 402432K, used 361090K [0x00000000d1200000, 0x0000000100000000)
  region size 1024K, 128 young (131072K), 2 survivors (2048K)
 Metaspace       used 264946K, capacity 273661K, committed 274120K, reserved 1290240K
  class space    used 30057K, capacity 33459K, committed 33612K, reserved 1048576K
}
Event: 7960.760 GC heap after
{Heap after GC invocations=671 (full 0):
 garbage-first heap   total 402432K, used 224464K [0x00000000d1200000, 0x0000000100000000)
  region size 1024K, 6 young (6144K), 6 survivors (6144K)
 Metaspace       used 264946K, capacity 273661K, committed 274120K, reserved 1290240K
  class space    used 30057K, capacity 33459K, committed 33612K, reserved 1048576K
}
Event: 7960.783 GC heap before
{Heap before GC invocations=671 (full 0):
 garbage-first heap   total 402432K, used 237776K [0x00000000d1200000, 0x0000000100000000)
  region size 1024K, 19 young (19456K), 6 survivors (6144K)
 Metaspace       used 264946K, capacity 273661K, committed 274120K, reserved 1290240K
  class space    used 30057K, capacity 33459K, committed 33612K, reserved 1048576K
}
Event: 7960.823 GC heap after
{Heap after GC invocations=672 (full 0):
 garbage-first heap   total 402432K, used 190651K [0x00000000d1200000, 0x0000000100000000)
  region size 1024K, 1 young (1024K), 1 survivors (1024K)
 Metaspace       used 264946K, capacity 273661K, committed 274120K, reserved 1290240K
  class space    used 30057K, capacity 33459K, committed 33612K, reserved 1048576K
}
Event: 7960.848 GC heap before
{Heap before GC invocations=672 (full 0):
 garbage-first heap   total 402432K, used 209083K [0x00000000d1200000, 0x0000000100000000)
  region size 1024K, 19 young (19456K), 1 survivors (1024K)
 Metaspace       used 264946K, capacity 273661K, committed 274120K, reserved 1290240K
  class space    used 30057K, capacity 33459K, committed 33612K, reserved 1048576K
}
Event: 7960.922 GC heap after
{Heap after GC invocations=673 (full 0):
 garbage-first heap   total 402432K, used 184159K [0x00000000d1200000, 0x0000000100000000)
  region size 1024K, 1 young (1024K), 1 survivors (1024K)
 Metaspace       used 264946K, capacity 273661K, committed 274120K, reserved 1290240K
  class space    used 30057K, capacity 33459K, committed 33612K, reserved 1048576K
}
Event: 7961.950 GC heap before
{Heap before GC invocations=673 (full 0):
 garbage-first heap   total 402432K, used 342879K [0x00000000d1200000, 0x0000000100000000)
  region size 1024K, 157 young (160768K), 1 survivors (1024K)
 Metaspace       used 264946K, capacity 273661K, committed 274120K, reserved 1290240K
  class space    used 30057K, capacity 33459K, committed 33612K, reserved 1048576K
}
Event: 7961.960 GC heap after
{Heap after GC invocations=674 (full 0):
 garbage-first heap   total 402432K, used 184337K [0x00000000d1200000, 0x0000000100000000)
  region size 1024K, 1 young (1024K), 1 survivors (1024K)
 Metaspace       used 264946K, capacity 273661K, committed 274120K, reserved 1290240K
  class space    used 30057K, capacity 33459K, committed 33612K, reserved 1048576K
}

